CRITICAL - 2025-03-01 23:36:57 --> ErrorException: Undefined property: stdClass::$status
[Method: PUT, Route: orders/2]
in APPPATH\Services\OrderService.php on line 152.
 1 APPPATH\Services\OrderService.php(152): CodeIgniter\Debug\Exceptions->errorHandler()
 2 APPPATH\Controllers\OrderController.php(82): App\Services\OrderService->update()
 3 SYSTEMPATH\CodeIgniter.php(933): App\Controllers\OrderController->update()
 4 SYSTEMPATH\CodeIgniter.php(507): CodeIgniter\CodeIgniter->runController()
 5 SYSTEMPATH\CodeIgniter.php(354): CodeIgniter\CodeIgniter->handleRequest()
 6 SYSTEMPATH\Boot.php(334): CodeIgniter\CodeIgniter->run()
 7 SYSTEMPATH\Boot.php(67): CodeIgniter\Boot::runCodeIgniter()
 8 FCPATH\index.php(56): CodeIgniter\Boot::bootWeb()
 9 SYSTEMPATH\rewrite.php(44): require_once('C:\\Users\\aliss\\Documents\\Projetos\\Codeignater\\purchase-order-api\\public\\index.php')
CRITICAL - 2025-03-01 23:37:39 --> ErrorException: Undefined property: stdClass::$status
[Method: PUT, Route: orders/2]
in APPPATH\Services\OrderService.php on line 152.
 1 APPPATH\Services\OrderService.php(152): CodeIgniter\Debug\Exceptions->errorHandler()
 2 APPPATH\Controllers\OrderController.php(82): App\Services\OrderService->update()
 3 SYSTEMPATH\CodeIgniter.php(933): App\Controllers\OrderController->update()
 4 SYSTEMPATH\CodeIgniter.php(507): CodeIgniter\CodeIgniter->runController()
 5 SYSTEMPATH\CodeIgniter.php(354): CodeIgniter\CodeIgniter->handleRequest()
 6 SYSTEMPATH\Boot.php(334): CodeIgniter\CodeIgniter->run()
 7 SYSTEMPATH\Boot.php(67): CodeIgniter\Boot::runCodeIgniter()
 8 FCPATH\index.php(56): CodeIgniter\Boot::bootWeb()
 9 SYSTEMPATH\rewrite.php(44): require_once('C:\\Users\\aliss\\Documents\\Projetos\\Codeignater\\purchase-order-api\\public\\index.php')
CRITICAL - 2025-03-01 23:38:05 --> ErrorException: Undefined property: stdClass::$status
[Method: PUT, Route: orders/2]
in APPPATH\Services\OrderService.php on line 152.
 1 APPPATH\Services\OrderService.php(152): CodeIgniter\Debug\Exceptions->errorHandler()
 2 APPPATH\Controllers\OrderController.php(82): App\Services\OrderService->update()
 3 SYSTEMPATH\CodeIgniter.php(933): App\Controllers\OrderController->update()
 4 SYSTEMPATH\CodeIgniter.php(507): CodeIgniter\CodeIgniter->runController()
 5 SYSTEMPATH\CodeIgniter.php(354): CodeIgniter\CodeIgniter->handleRequest()
 6 SYSTEMPATH\Boot.php(334): CodeIgniter\CodeIgniter->run()
 7 SYSTEMPATH\Boot.php(67): CodeIgniter\Boot::runCodeIgniter()
 8 FCPATH\index.php(56): CodeIgniter\Boot::bootWeb()
 9 SYSTEMPATH\rewrite.php(44): require_once('C:\\Users\\aliss\\Documents\\Projetos\\Codeignater\\purchase-order-api\\public\\index.php')
CRITICAL - 2025-03-01 23:38:16 --> ErrorException: Undefined property: stdClass::$status
[Method: PUT, Route: orders/2]
in APPPATH\Services\OrderService.php on line 152.
 1 APPPATH\Services\OrderService.php(152): CodeIgniter\Debug\Exceptions->errorHandler()
 2 APPPATH\Controllers\OrderController.php(82): App\Services\OrderService->update()
 3 SYSTEMPATH\CodeIgniter.php(933): App\Controllers\OrderController->update()
 4 SYSTEMPATH\CodeIgniter.php(507): CodeIgniter\CodeIgniter->runController()
 5 SYSTEMPATH\CodeIgniter.php(354): CodeIgniter\CodeIgniter->handleRequest()
 6 SYSTEMPATH\Boot.php(334): CodeIgniter\CodeIgniter->run()
 7 SYSTEMPATH\Boot.php(67): CodeIgniter\Boot::runCodeIgniter()
 8 FCPATH\index.php(56): CodeIgniter\Boot::bootWeb()
 9 SYSTEMPATH\rewrite.php(44): require_once('C:\\Users\\aliss\\Documents\\Projetos\\Codeignater\\purchase-order-api\\public\\index.php')
CRITICAL - 2025-03-01 23:54:29 --> ErrorException: Trying to access array offset on null
[Method: PUT, Route: orders/1]
in APPPATH\Services\OrderService.php on line 167.
 1 APPPATH\Services\OrderService.php(167): CodeIgniter\Debug\Exceptions->errorHandler()
 2 APPPATH\Controllers\OrderController.php(82): App\Services\OrderService->update()
 3 SYSTEMPATH\CodeIgniter.php(933): App\Controllers\OrderController->update()
 4 SYSTEMPATH\CodeIgniter.php(507): CodeIgniter\CodeIgniter->runController()
 5 SYSTEMPATH\CodeIgniter.php(354): CodeIgniter\CodeIgniter->handleRequest()
 6 SYSTEMPATH\Boot.php(334): CodeIgniter\CodeIgniter->run()
 7 SYSTEMPATH\Boot.php(67): CodeIgniter\Boot::runCodeIgniter()
 8 FCPATH\index.php(56): CodeIgniter\Boot::bootWeb()
 9 SYSTEMPATH\rewrite.php(44): require_once('C:\\Users\\aliss\\Documents\\Projetos\\Codeignater\\purchase-order-api\\public\\index.php')
