CRITICAL - 2025-02-27 00:38:18 --> CodeIgniter\HTTP\Exceptions\HTTPException: Failed to parse JSON string. Error: Syntax error
[Method: GET, Route: clients]
in SYSTEMPATH\HTTP\IncomingRequest.php on line 537.
 1 SYSTEMPATH\HTTP\IncomingRequest.php(537): CodeIgniter\HTTP\Exceptions\HTTPException::forInvalidJSON()
 2 APPPATH\Controllers\ClientController.php(30): CodeIgniter\HTTP\IncomingRequest->getJSON()
 3 SYSTEMPATH\CodeIgniter.php(933): App\Controllers\ClientController->index()
 4 SYSTEMPATH\CodeIgniter.php(507): CodeIgniter\CodeIgniter->runController()
 5 SYSTEMPATH\CodeIgniter.php(354): CodeIgniter\CodeIgniter->handleRequest()
 6 SYSTEMPATH\Boot.php(334): CodeIgniter\CodeIgniter->run()
 7 SYSTEMPATH\Boot.php(67): CodeIgniter\Boot::runCodeIgniter()
 8 FCPATH\index.php(56): CodeIgniter\Boot::bootWeb()
 9 SYSTEMPATH\rewrite.php(44): require_once('C:\\Users\\aliss\\Documents\\Projetos\\Codeignater\\purchase-order-api\\public\\index.php')
CRITICAL - 2025-02-27 02:44:27 --> CodeIgniter\HTTP\Exceptions\HTTPException: Failed to parse JSON string. Error: Control character error, possibly incorrectly encoded
[Method: GET, Route: products]
in SYSTEMPATH\HTTP\IncomingRequest.php on line 537.
 1 SYSTEMPATH\HTTP\IncomingRequest.php(537): CodeIgniter\HTTP\Exceptions\HTTPException::forInvalidJSON()
 2 APPPATH\Controllers\ProductController.php(29): CodeIgniter\HTTP\IncomingRequest->getJSON()
 3 SYSTEMPATH\CodeIgniter.php(933): App\Controllers\ProductController->index()
 4 SYSTEMPATH\CodeIgniter.php(507): CodeIgniter\CodeIgniter->runController()
 5 SYSTEMPATH\CodeIgniter.php(354): CodeIgniter\CodeIgniter->handleRequest()
 6 SYSTEMPATH\Boot.php(334): CodeIgniter\CodeIgniter->run()
 7 SYSTEMPATH\Boot.php(67): CodeIgniter\Boot::runCodeIgniter()
 8 FCPATH\index.php(56): CodeIgniter\Boot::bootWeb()
 9 SYSTEMPATH\rewrite.php(44): require_once('C:\\Users\\aliss\\Documents\\Projetos\\Codeignater\\purchase-order-api\\public\\index.php')
CRITICAL - 2025-02-27 02:44:55 --> CodeIgniter\HTTP\Exceptions\HTTPException: Failed to parse JSON string. Error: Control character error, possibly incorrectly encoded
[Method: GET, Route: products]
in SYSTEMPATH\HTTP\IncomingRequest.php on line 537.
 1 SYSTEMPATH\HTTP\IncomingRequest.php(537): CodeIgniter\HTTP\Exceptions\HTTPException::forInvalidJSON()
 2 APPPATH\Controllers\ProductController.php(29): CodeIgniter\HTTP\IncomingRequest->getJSON()
 3 SYSTEMPATH\CodeIgniter.php(933): App\Controllers\ProductController->index()
 4 SYSTEMPATH\CodeIgniter.php(507): CodeIgniter\CodeIgniter->runController()
 5 SYSTEMPATH\CodeIgniter.php(354): CodeIgniter\CodeIgniter->handleRequest()
 6 SYSTEMPATH\Boot.php(334): CodeIgniter\CodeIgniter->run()
 7 SYSTEMPATH\Boot.php(67): CodeIgniter\Boot::runCodeIgniter()
 8 FCPATH\index.php(56): CodeIgniter\Boot::bootWeb()
 9 SYSTEMPATH\rewrite.php(44): require_once('C:\\Users\\aliss\\Documents\\Projetos\\Codeignater\\purchase-order-api\\public\\index.php')
CRITICAL - 2025-02-27 02:47:01 --> CodeIgniter\HTTP\Exceptions\HTTPException: Failed to parse JSON string. Error: Control character error, possibly incorrectly encoded
[Method: GET, Route: products]
in SYSTEMPATH\HTTP\IncomingRequest.php on line 537.
 1 SYSTEMPATH\HTTP\IncomingRequest.php(537): CodeIgniter\HTTP\Exceptions\HTTPException::forInvalidJSON()
 2 APPPATH\Controllers\ProductController.php(29): CodeIgniter\HTTP\IncomingRequest->getJSON()
 3 SYSTEMPATH\CodeIgniter.php(933): App\Controllers\ProductController->index()
 4 SYSTEMPATH\CodeIgniter.php(507): CodeIgniter\CodeIgniter->runController()
 5 SYSTEMPATH\CodeIgniter.php(354): CodeIgniter\CodeIgniter->handleRequest()
 6 SYSTEMPATH\Boot.php(334): CodeIgniter\CodeIgniter->run()
 7 SYSTEMPATH\Boot.php(67): CodeIgniter\Boot::runCodeIgniter()
 8 FCPATH\index.php(56): CodeIgniter\Boot::bootWeb()
 9 SYSTEMPATH\rewrite.php(44): require_once('C:\\Users\\aliss\\Documents\\Projetos\\Codeignater\\purchase-order-api\\public\\index.php')
CRITICAL - 2025-02-27 02:47:32 --> CodeIgniter\HTTP\Exceptions\HTTPException: Failed to parse JSON string. Error: Control character error, possibly incorrectly encoded
[Method: GET, Route: products]
in SYSTEMPATH\HTTP\IncomingRequest.php on line 537.
 1 SYSTEMPATH\HTTP\IncomingRequest.php(537): CodeIgniter\HTTP\Exceptions\HTTPException::forInvalidJSON()
 2 APPPATH\Controllers\ProductController.php(29): CodeIgniter\HTTP\IncomingRequest->getJSON()
 3 SYSTEMPATH\CodeIgniter.php(933): App\Controllers\ProductController->index()
 4 SYSTEMPATH\CodeIgniter.php(507): CodeIgniter\CodeIgniter->runController()
 5 SYSTEMPATH\CodeIgniter.php(354): CodeIgniter\CodeIgniter->handleRequest()
 6 SYSTEMPATH\Boot.php(334): CodeIgniter\CodeIgniter->run()
 7 SYSTEMPATH\Boot.php(67): CodeIgniter\Boot::runCodeIgniter()
 8 FCPATH\index.php(56): CodeIgniter\Boot::bootWeb()
 9 SYSTEMPATH\rewrite.php(44): require_once('C:\\Users\\aliss\\Documents\\Projetos\\Codeignater\\purchase-order-api\\public\\index.php')
CRITICAL - 2025-02-27 02:48:12 --> CodeIgniter\HTTP\Exceptions\HTTPException: Failed to parse JSON string. Error: Control character error, possibly incorrectly encoded
[Method: GET, Route: products]
in SYSTEMPATH\HTTP\IncomingRequest.php on line 537.
 1 SYSTEMPATH\HTTP\IncomingRequest.php(537): CodeIgniter\HTTP\Exceptions\HTTPException::forInvalidJSON()
 2 APPPATH\Controllers\ProductController.php(29): CodeIgniter\HTTP\IncomingRequest->getJSON()
 3 SYSTEMPATH\CodeIgniter.php(933): App\Controllers\ProductController->index()
 4 SYSTEMPATH\CodeIgniter.php(507): CodeIgniter\CodeIgniter->runController()
 5 SYSTEMPATH\CodeIgniter.php(354): CodeIgniter\CodeIgniter->handleRequest()
 6 SYSTEMPATH\Boot.php(334): CodeIgniter\CodeIgniter->run()
 7 SYSTEMPATH\Boot.php(67): CodeIgniter\Boot::runCodeIgniter()
 8 FCPATH\index.php(56): CodeIgniter\Boot::bootWeb()
 9 SYSTEMPATH\rewrite.php(44): require_once('C:\\Users\\aliss\\Documents\\Projetos\\Codeignater\\purchase-order-api\\public\\index.php')
CRITICAL - 2025-02-27 02:48:43 --> CodeIgniter\HTTP\Exceptions\HTTPException: Failed to parse JSON string. Error: Control character error, possibly incorrectly encoded
[Method: GET, Route: products]
in SYSTEMPATH\HTTP\IncomingRequest.php on line 537.
 1 SYSTEMPATH\HTTP\IncomingRequest.php(537): CodeIgniter\HTTP\Exceptions\HTTPException::forInvalidJSON()
 2 APPPATH\Controllers\ProductController.php(29): CodeIgniter\HTTP\IncomingRequest->getJSON()
 3 SYSTEMPATH\CodeIgniter.php(933): App\Controllers\ProductController->index()
 4 SYSTEMPATH\CodeIgniter.php(507): CodeIgniter\CodeIgniter->runController()
 5 SYSTEMPATH\CodeIgniter.php(354): CodeIgniter\CodeIgniter->handleRequest()
 6 SYSTEMPATH\Boot.php(334): CodeIgniter\CodeIgniter->run()
 7 SYSTEMPATH\Boot.php(67): CodeIgniter\Boot::runCodeIgniter()
 8 FCPATH\index.php(56): CodeIgniter\Boot::bootWeb()
 9 SYSTEMPATH\rewrite.php(44): require_once('C:\\Users\\aliss\\Documents\\Projetos\\Codeignater\\purchase-order-api\\public\\index.php')
CRITICAL - 2025-02-27 17:29:46 --> CodeIgniter\HTTP\Exceptions\HTTPException: Failed to parse JSON string. Error: Syntax error
[Method: GET, Route: products]
in SYSTEMPATH\HTTP\IncomingRequest.php on line 537.
 1 SYSTEMPATH\HTTP\IncomingRequest.php(537): CodeIgniter\HTTP\Exceptions\HTTPException::forInvalidJSON()
 2 APPPATH\Controllers\ProductController.php(29): CodeIgniter\HTTP\IncomingRequest->getJSON()
 3 SYSTEMPATH\CodeIgniter.php(933): App\Controllers\ProductController->index()
 4 SYSTEMPATH\CodeIgniter.php(507): CodeIgniter\CodeIgniter->runController()
 5 SYSTEMPATH\CodeIgniter.php(354): CodeIgniter\CodeIgniter->handleRequest()
 6 SYSTEMPATH\Boot.php(334): CodeIgniter\CodeIgniter->run()
 7 SYSTEMPATH\Boot.php(67): CodeIgniter\Boot::runCodeIgniter()
 8 FCPATH\index.php(56): CodeIgniter\Boot::bootWeb()
 9 SYSTEMPATH\rewrite.php(44): require_once('C:\\Users\\aliss\\Documents\\Projetos\\Codeignater\\purchase-order-api\\public\\index.php')
CRITICAL - 2025-02-27 17:29:54 --> CodeIgniter\HTTP\Exceptions\HTTPException: Failed to parse JSON string. Error: Syntax error
[Method: GET, Route: products]
in SYSTEMPATH\HTTP\IncomingRequest.php on line 537.
 1 SYSTEMPATH\HTTP\IncomingRequest.php(537): CodeIgniter\HTTP\Exceptions\HTTPException::forInvalidJSON()
 2 APPPATH\Controllers\ProductController.php(29): CodeIgniter\HTTP\IncomingRequest->getJSON()
 3 SYSTEMPATH\CodeIgniter.php(933): App\Controllers\ProductController->index()
 4 SYSTEMPATH\CodeIgniter.php(507): CodeIgniter\CodeIgniter->runController()
 5 SYSTEMPATH\CodeIgniter.php(354): CodeIgniter\CodeIgniter->handleRequest()
 6 SYSTEMPATH\Boot.php(334): CodeIgniter\CodeIgniter->run()
 7 SYSTEMPATH\Boot.php(67): CodeIgniter\Boot::runCodeIgniter()
 8 FCPATH\index.php(56): CodeIgniter\Boot::bootWeb()
 9 SYSTEMPATH\rewrite.php(44): require_once('C:\\Users\\aliss\\Documents\\Projetos\\Codeignater\\purchase-order-api\\public\\index.php')
CRITICAL - 2025-02-27 23:14:45 --> CodeIgniter\Validation\Exceptions\ValidationException: "array" is not a valid rule.
[Method: POST, Route: orders]
in SYSTEMPATH\Validation\Validation.php on line 346.
 1 SYSTEMPATH\Validation\Validation.php(346): CodeIgniter\Validation\Exceptions\ValidationException::forRuleNotFound()
 2 SYSTEMPATH\Validation\Validation.php(202): CodeIgniter\Validation\Validation->processRules()
 3 APPPATH\Controllers\OrderController.php(55): CodeIgniter\Validation\Validation->run()
 4 SYSTEMPATH\CodeIgniter.php(933): App\Controllers\OrderController->create()
 5 SYSTEMPATH\CodeIgniter.php(507): CodeIgniter\CodeIgniter->runController()
 6 SYSTEMPATH\CodeIgniter.php(354): CodeIgniter\CodeIgniter->handleRequest()
 7 SYSTEMPATH\Boot.php(334): CodeIgniter\CodeIgniter->run()
 8 SYSTEMPATH\Boot.php(67): CodeIgniter\Boot::runCodeIgniter()
 9 FCPATH\index.php(56): CodeIgniter\Boot::bootWeb()
10 SYSTEMPATH\rewrite.php(44): require_once('C:\\Users\\aliss\\Documents\\Projetos\\Codeignater\\purchase-order-api\\public\\index.php')
CRITICAL - 2025-02-27 23:15:21 --> CodeIgniter\Validation\Exceptions\ValidationException: "array" is not a valid rule.
[Method: POST, Route: orders]
in SYSTEMPATH\Validation\Validation.php on line 346.
 1 SYSTEMPATH\Validation\Validation.php(346): CodeIgniter\Validation\Exceptions\ValidationException::forRuleNotFound()
 2 SYSTEMPATH\Validation\Validation.php(202): CodeIgniter\Validation\Validation->processRules()
 3 APPPATH\Controllers\OrderController.php(55): CodeIgniter\Validation\Validation->run()
 4 SYSTEMPATH\CodeIgniter.php(933): App\Controllers\OrderController->create()
 5 SYSTEMPATH\CodeIgniter.php(507): CodeIgniter\CodeIgniter->runController()
 6 SYSTEMPATH\CodeIgniter.php(354): CodeIgniter\CodeIgniter->handleRequest()
 7 SYSTEMPATH\Boot.php(334): CodeIgniter\CodeIgniter->run()
 8 SYSTEMPATH\Boot.php(67): CodeIgniter\Boot::runCodeIgniter()
 9 FCPATH\index.php(56): CodeIgniter\Boot::bootWeb()
10 SYSTEMPATH\rewrite.php(44): require_once('C:\\Users\\aliss\\Documents\\Projetos\\Codeignater\\purchase-order-api\\public\\index.php')
CRITICAL - 2025-02-27 23:18:47 --> CodeIgniter\Validation\Exceptions\ValidationException: "array" is not a valid rule.
[Method: POST, Route: orders]
in SYSTEMPATH\Validation\Validation.php on line 346.
 1 SYSTEMPATH\Validation\Validation.php(346): CodeIgniter\Validation\Exceptions\ValidationException::forRuleNotFound()
 2 SYSTEMPATH\Validation\Validation.php(202): CodeIgniter\Validation\Validation->processRules()
 3 APPPATH\Controllers\OrderController.php(55): CodeIgniter\Validation\Validation->run()
 4 SYSTEMPATH\CodeIgniter.php(933): App\Controllers\OrderController->create()
 5 SYSTEMPATH\CodeIgniter.php(507): CodeIgniter\CodeIgniter->runController()
 6 SYSTEMPATH\CodeIgniter.php(354): CodeIgniter\CodeIgniter->handleRequest()
 7 SYSTEMPATH\Boot.php(334): CodeIgniter\CodeIgniter->run()
 8 SYSTEMPATH\Boot.php(67): CodeIgniter\Boot::runCodeIgniter()
 9 FCPATH\index.php(56): CodeIgniter\Boot::bootWeb()
10 SYSTEMPATH\rewrite.php(44): require_once('C:\\Users\\aliss\\Documents\\Projetos\\Codeignater\\purchase-order-api\\public\\index.php')
ERROR - 2025-02-27 23:43:15 --> mysqli_sql_exception: Unknown column 'total' in 'field list' in C:\Users\aliss\Documents\Projetos\Codeignater\purchase-order-api\system\Database\MySQLi\Connection.php:327
Stack trace:
#0 C:\Users\aliss\Documents\Projetos\Codeignater\purchase-order-api\system\Database\MySQLi\Connection.php(327): mysqli->query()
#1 C:\Users\aliss\Documents\Projetos\Codeignater\purchase-order-api\system\Database\BaseConnection.php(738): CodeIgniter\Database\MySQLi\Connection->execute()
#2 C:\Users\aliss\Documents\Projetos\Codeignater\purchase-order-api\system\Database\BaseConnection.php(652): CodeIgniter\Database\BaseConnection->simpleQuery()
#3 C:\Users\aliss\Documents\Projetos\Codeignater\purchase-order-api\system\Database\BaseBuilder.php(2345): CodeIgniter\Database\BaseConnection->query()
#4 C:\Users\aliss\Documents\Projetos\Codeignater\purchase-order-api\system\Model.php(394): CodeIgniter\Database\BaseBuilder->insert()
#5 C:\Users\aliss\Documents\Projetos\Codeignater\purchase-order-api\system\BaseModel.php(839): CodeIgniter\Model->doInsert()
#6 C:\Users\aliss\Documents\Projetos\Codeignater\purchase-order-api\system\Model.php(800): CodeIgniter\BaseModel->insert()
#7 C:\Users\aliss\Documents\Projetos\Codeignater\purchase-order-api\app\Services\OrderService.php(71): CodeIgniter\Model->insert()
#8 C:\Users\aliss\Documents\Projetos\Codeignater\purchase-order-api\app\Controllers\OrderController.php(60): App\Services\OrderService->store()
#9 C:\Users\aliss\Documents\Projetos\Codeignater\purchase-order-api\system\CodeIgniter.php(933): App\Controllers\OrderController->create()
#10 C:\Users\aliss\Documents\Projetos\Codeignater\purchase-order-api\system\CodeIgniter.php(507): CodeIgniter\CodeIgniter->runController()
#11 C:\Users\aliss\Documents\Projetos\Codeignater\purchase-order-api\system\CodeIgniter.php(354): CodeIgniter\CodeIgniter->handleRequest()
#12 C:\Users\aliss\Documents\Projetos\Codeignater\purchase-order-api\system\Boot.php(334): CodeIgniter\CodeIgniter->run()
#13 C:\Users\aliss\Documents\Projetos\Codeignater\purchase-order-api\system\Boot.php(67): CodeIgniter\Boot::runCodeIgniter()
#14 C:\Users\aliss\Documents\Projetos\Codeignater\purchase-order-api\public\index.php(56): CodeIgniter\Boot::bootWeb()
#15 C:\Users\aliss\Documents\Projetos\Codeignater\purchase-order-api\system\rewrite.php(44): require_once('...')
#16 {main}
CRITICAL - 2025-02-27 23:43:15 --> Error: Cannot use object of type stdClass as array
[Method: POST, Route: orders]
in APPPATH\Services\OrderService.php on line 77.
 1 APPPATH\Controllers\OrderController.php(60): App\Services\OrderService->store()
 2 SYSTEMPATH\CodeIgniter.php(933): App\Controllers\OrderController->create()
 3 SYSTEMPATH\CodeIgniter.php(507): CodeIgniter\CodeIgniter->runController()
 4 SYSTEMPATH\CodeIgniter.php(354): CodeIgniter\CodeIgniter->handleRequest()
 5 SYSTEMPATH\Boot.php(334): CodeIgniter\CodeIgniter->run()
 6 SYSTEMPATH\Boot.php(67): CodeIgniter\Boot::runCodeIgniter()
 7 FCPATH\index.php(56): CodeIgniter\Boot::bootWeb()
 8 SYSTEMPATH\rewrite.php(44): require_once('C:\\Users\\aliss\\Documents\\Projetos\\Codeignater\\purchase-order-api\\public\\index.php')
ERROR - 2025-02-27 23:44:02 --> mysqli_sql_exception: Unknown column 'total' in 'field list' in C:\Users\aliss\Documents\Projetos\Codeignater\purchase-order-api\system\Database\MySQLi\Connection.php:327
Stack trace:
#0 C:\Users\aliss\Documents\Projetos\Codeignater\purchase-order-api\system\Database\MySQLi\Connection.php(327): mysqli->query()
#1 C:\Users\aliss\Documents\Projetos\Codeignater\purchase-order-api\system\Database\BaseConnection.php(738): CodeIgniter\Database\MySQLi\Connection->execute()
#2 C:\Users\aliss\Documents\Projetos\Codeignater\purchase-order-api\system\Database\BaseConnection.php(652): CodeIgniter\Database\BaseConnection->simpleQuery()
#3 C:\Users\aliss\Documents\Projetos\Codeignater\purchase-order-api\system\Database\BaseBuilder.php(2345): CodeIgniter\Database\BaseConnection->query()
#4 C:\Users\aliss\Documents\Projetos\Codeignater\purchase-order-api\system\Model.php(394): CodeIgniter\Database\BaseBuilder->insert()
#5 C:\Users\aliss\Documents\Projetos\Codeignater\purchase-order-api\system\BaseModel.php(839): CodeIgniter\Model->doInsert()
#6 C:\Users\aliss\Documents\Projetos\Codeignater\purchase-order-api\system\Model.php(800): CodeIgniter\BaseModel->insert()
#7 C:\Users\aliss\Documents\Projetos\Codeignater\purchase-order-api\app\Services\OrderService.php(71): CodeIgniter\Model->insert()
#8 C:\Users\aliss\Documents\Projetos\Codeignater\purchase-order-api\app\Controllers\OrderController.php(60): App\Services\OrderService->store()
#9 C:\Users\aliss\Documents\Projetos\Codeignater\purchase-order-api\system\CodeIgniter.php(933): App\Controllers\OrderController->create()
#10 C:\Users\aliss\Documents\Projetos\Codeignater\purchase-order-api\system\CodeIgniter.php(507): CodeIgniter\CodeIgniter->runController()
#11 C:\Users\aliss\Documents\Projetos\Codeignater\purchase-order-api\system\CodeIgniter.php(354): CodeIgniter\CodeIgniter->handleRequest()
#12 C:\Users\aliss\Documents\Projetos\Codeignater\purchase-order-api\system\Boot.php(334): CodeIgniter\CodeIgniter->run()
#13 C:\Users\aliss\Documents\Projetos\Codeignater\purchase-order-api\system\Boot.php(67): CodeIgniter\Boot::runCodeIgniter()
#14 C:\Users\aliss\Documents\Projetos\Codeignater\purchase-order-api\public\index.php(56): CodeIgniter\Boot::bootWeb()
#15 C:\Users\aliss\Documents\Projetos\Codeignater\purchase-order-api\system\rewrite.php(44): require_once('...')
#16 {main}
CRITICAL - 2025-02-27 23:44:02 --> Error: Cannot use object of type stdClass as array
[Method: POST, Route: orders]
in APPPATH\Services\OrderService.php on line 77.
 1 APPPATH\Controllers\OrderController.php(60): App\Services\OrderService->store()
 2 SYSTEMPATH\CodeIgniter.php(933): App\Controllers\OrderController->create()
 3 SYSTEMPATH\CodeIgniter.php(507): CodeIgniter\CodeIgniter->runController()
 4 SYSTEMPATH\CodeIgniter.php(354): CodeIgniter\CodeIgniter->handleRequest()
 5 SYSTEMPATH\Boot.php(334): CodeIgniter\CodeIgniter->run()
 6 SYSTEMPATH\Boot.php(67): CodeIgniter\Boot::runCodeIgniter()
 7 FCPATH\index.php(56): CodeIgniter\Boot::bootWeb()
 8 SYSTEMPATH\rewrite.php(44): require_once('C:\\Users\\aliss\\Documents\\Projetos\\Codeignater\\purchase-order-api\\public\\index.php')
